[2017-04-13 10:14:23,810 MARAICH_INFO    ] serveRequest   .serveRequest: CDE...........get_impls_serie
[2017-04-13 10:14:23,810 MARAICH_INFO    ] serveRequest   .serveRequest: <QueryDict: {'cde': ['get_impls_serie'], 'id': ['15']}>
[2017-04-13 10:14:23,821 MARAICH_INFO    ] serveRequest   .serveRequest: {"status":true, "l_impls": [{"model": "maraich.implantation", "pk": 15, "fields": {"planche": 3325, "nbPieds": 2083}}]}
[2017-04-13 10:14:23,850 MARAICH_INFO    ] serveRequest   .serveRequest: CDE...........get_evts_serie
[2017-04-13 10:14:23,850 MARAICH_INFO    ] serveRequest   .serveRequest: <QueryDict: {'cde': ['get_evts_serie'], 'id': ['15']}>
[2017-04-13 10:14:23,862 MARAICH_INFO    ] serveRequest   .serveRequest: {"status":true, "l_evts": [{"model": "maraich.evenement", "pk": 8326, "fields": {"type": 1, "eRef": 0, "delta_j": 0, "date": "2017-02-15T00:00:00", "date_creation": "2017-04-13T10:08:29.416", "duree_j": 1, "nom": "d\u00e9but carotte primeur de carentan", "texte": "", "b_fini": false}}, {"model": "maraich.evenement", "pk": 8328, "fields": {"type": 5, "eRef": 8326, "delta_j": 90, "date": "2017-05-16T00:00:00", "date_creation": "2017-04-13T10:08:30.084", "duree_j": 1, "nom": "d\u00e9but r\u00e9colte carotte primeur de carentan", "texte": "", "b_fini": false}}, {"model": "maraich.evenement", "pk": 8327, "fields": {"type": 2, "eRef": 8326, "delta_j": 111, "date": "2017-06-06T00:00:00", "date_creation": "2017-04-13T10:08:29.715", "duree_j": 1, "nom": "fin carotte primeur de carentan", "texte": "", "b_fini": false}}]}
[2017-04-13 10:14:31,267 MARAICH_INFO    ] serveRequest   .serveRequest: CDE...........sauve_evt
[2017-04-13 10:14:31,267 MARAICH_INFO    ] serveRequest   .serveRequest: <QueryDict: {'date': [''], 'nom': ['début récolte carotte primeur de carentan'], 'delta_j': ['102'], 'id': ['8328'], 'duree_j': ['1'], 'id_serie': ['15'], 'cde': ['sauve_evt']}>
[2017-04-13 10:14:31,276 MARAICH_DEBUG   ] serveRequest   .serveRequest: deltaj=102
[2017-04-13 10:14:31,410 MARAICH_INFO    ] serveRequest   .serveRequest: Evt relatif Début Récolte (8328) 2017-05-28 00:00:00 pour 1 j
[2017-04-13 10:14:31,417 MARAICH_INFO    ] serveRequest   .serveRequest: CDE...........get_evts_serie
[2017-04-13 10:14:31,417 MARAICH_INFO    ] serveRequest   .serveRequest: <QueryDict: {'cde': ['get_evts_serie'], 'id': ['15']}>
[2017-04-13 10:14:31,423 MARAICH_INFO    ] serveRequest   .serveRequest: {"status":true, "l_evts": [{"model": "maraich.evenement", "pk": 8326, "fields": {"type": 1, "eRef": 0, "delta_j": 0, "date": "2017-02-15T00:00:00", "date_creation": "2017-04-13T10:08:29.416", "duree_j": 1, "nom": "d\u00e9but carotte primeur de carentan", "texte": "", "b_fini": false}}, {"model": "maraich.evenement", "pk": 8328, "fields": {"type": 5, "eRef": 8326, "delta_j": 102, "date": "2017-05-28T00:00:00", "date_creation": "2017-04-13T10:08:30.084", "duree_j": 1, "nom": "d\u00e9but r\u00e9colte carotte primeur de carentan", "texte": "", "b_fini": false}}, {"model": "maraich.evenement", "pk": 8327, "fields": {"type": 2, "eRef": 8326, "delta_j": 111, "date": "2017-06-06T00:00:00", "date_creation": "2017-04-13T10:08:29.715", "duree_j": 1, "nom": "fin carotte primeur de carentan", "texte": "", "b_fini": false}}]}
[2017-04-13 10:14:43,593 MARAICH_INFO    ] serveRequest   .serveRequest: CDE...........sauve_evt
[2017-04-13 10:14:43,594 MARAICH_INFO    ] serveRequest   .serveRequest: <QueryDict: {'date': [''], 'nom': ['début récolte carotte primeur de carentan'], 'delta_j': ['126'], 'id': ['8328'], 'duree_j': ['1'], 'id_serie': ['15'], 'cde': ['sauve_evt']}>
[2017-04-13 10:14:43,598 MARAICH_DEBUG   ] serveRequest   .serveRequest: deltaj=126
[2017-04-13 10:14:43,713 MARAICH_INFO    ] serveRequest   .serveRequest: Evt relatif Début Récolte (8328) 2017-06-21 00:00:00 pour 1 j
[2017-04-13 10:14:43,720 MARAICH_INFO    ] serveRequest   .serveRequest: CDE...........get_evts_serie
[2017-04-13 10:14:43,720 MARAICH_INFO    ] serveRequest   .serveRequest: <QueryDict: {'cde': ['get_evts_serie'], 'id': ['15']}>
[2017-04-13 10:14:43,732 MARAICH_INFO    ] serveRequest   .serveRequest: {"status":true, "l_evts": [{"model": "maraich.evenement", "pk": 8326, "fields": {"type": 1, "eRef": 0, "delta_j": 0, "date": "2017-02-15T00:00:00", "date_creation": "2017-04-13T10:08:29.416", "duree_j": 1, "nom": "d\u00e9but carotte primeur de carentan", "texte": "", "b_fini": false}}, {"model": "maraich.evenement", "pk": 8327, "fields": {"type": 2, "eRef": 8326, "delta_j": 111, "date": "2017-06-06T00:00:00", "date_creation": "2017-04-13T10:08:29.715", "duree_j": 1, "nom": "fin carotte primeur de carentan", "texte": "", "b_fini": false}}, {"model": "maraich.evenement", "pk": 8328, "fields": {"type": 5, "eRef": 8326, "delta_j": 126, "date": "2017-06-21T00:00:00", "date_creation": "2017-04-13T10:08:30.084", "duree_j": 1, "nom": "d\u00e9but r\u00e9colte carotte primeur de carentan", "texte": "", "b_fini": false}}]}
[2017-04-13 10:16:35,825 MARAICH_INFO    ] serveRequest   .serveRequest: CDE...........get_impls_serie
[2017-04-13 10:16:35,825 MARAICH_INFO    ] serveRequest   .serveRequest: <QueryDict: {'cde': ['get_impls_serie'], 'id': ['2']}>
[2017-04-13 10:16:35,829 MARAICH_INFO    ] serveRequest   .serveRequest: {"status":true, "l_impls": [{"model": "maraich.implantation", "pk": 2, "fields": {"planche": 3324, "nbPieds": 526}}]}
[2017-04-13 10:16:35,855 MARAICH_INFO    ] serveRequest   .serveRequest: CDE...........get_evts_serie
[2017-04-13 10:16:35,855 MARAICH_INFO    ] serveRequest   .serveRequest: <QueryDict: {'cde': ['get_evts_serie'], 'id': ['2']}>
[2017-04-13 10:16:35,865 MARAICH_INFO    ] serveRequest   .serveRequest: {"status":true, "l_evts": [{"model": "maraich.evenement", "pk": 8281, "fields": {"type": 1, "eRef": 0, "delta_j": 0, "date": "2017-05-10T00:00:00", "date_creation": "2017-04-13T10:08:00.196", "duree_j": 1, "nom": "d\u00e9but ail blanc messidor", "texte": "", "b_fini": false}}, {"model": "maraich.evenement", "pk": 8283, "fields": {"type": 5, "eRef": 8281, "delta_j": 150, "date": "2017-10-07T00:00:00", "date_creation": "2017-04-13T10:08:00.796", "duree_j": 1, "nom": "d\u00e9but r\u00e9colte ail blanc messidor", "texte": "", "b_fini": false}}, {"model": "maraich.evenement", "pk": 8282, "fields": {"type": 2, "eRef": 8281, "delta_j": 155, "date": "2017-10-12T00:00:00", "date_creation": "2017-04-13T10:08:00.496", "duree_j": 1, "nom": "fin ail blanc messidor", "texte": "", "b_fini": false}}]}
[2017-04-13 10:16:54,947 MARAICH_INFO    ] serveRequest   .serveRequest: CDE...........sauve_serie
[2017-04-13 10:16:54,947 MARAICH_INFO    ] serveRequest   .serveRequest: <QueryDict: {'id_legume': ['2'], 'etalement_recolte_j': ['5'], 'date_debut': ['2/1/2017'], 'intra_rang_cm': ['15'], 'id_serie': ['2'], 'b_serre': ['on'], 'duree_avant_recolte_j': ['150'], 'nb_rangs': ['6'], 'cde': ['sauve_serie']}>
[2017-04-13 10:16:55,446 MARAICH_INFO    ] serveRequest   .serveRequest: Nouvelle série créée(s2), ail blanc messidor, 526 pieds, 584 graines, 78 m, 13 m2 de planche(s) [Virtuelle plein champ], du 02/01/2017 au 12/10/2017
[2017-04-13 10:17:05,656 MARAICH_INFO    ] serveRequest   .serveRequest: CDE...........get_impls_serie
[2017-04-13 10:17:05,656 MARAICH_INFO    ] serveRequest   .serveRequest: <QueryDict: {'cde': ['get_impls_serie'], 'id': ['1']}>
[2017-04-13 10:17:05,659 MARAICH_INFO    ] serveRequest   .serveRequest: {"status":true, "l_impls": [{"model": "maraich.implantation", "pk": 1, "fields": {"planche": 3324, "nbPieds": 526}}]}
[2017-04-13 10:17:05,693 MARAICH_INFO    ] serveRequest   .serveRequest: CDE...........get_evts_serie
[2017-04-13 10:17:05,694 MARAICH_INFO    ] serveRequest   .serveRequest: <QueryDict: {'cde': ['get_evts_serie'], 'id': ['1']}>
[2017-04-13 10:17:05,704 MARAICH_INFO    ] serveRequest   .serveRequest: {"status":true, "l_evts": [{"model": "maraich.evenement", "pk": 8278, "fields": {"type": 1, "eRef": 0, "delta_j": 0, "date": "2017-03-14T00:00:00", "date_creation": "2017-04-13T10:07:57.977", "duree_j": 1, "nom": "d\u00e9but ail rose flavor bio", "texte": "", "b_fini": false}}, {"model": "maraich.evenement", "pk": 8280, "fields": {"type": 5, "eRef": 8278, "delta_j": 150, "date": "2017-08-11T00:00:00", "date_creation": "2017-04-13T10:07:58.558", "duree_j": 1, "nom": "d\u00e9but r\u00e9colte ail rose flavor bio", "texte": "", "b_fini": false}}, {"model": "maraich.evenement", "pk": 8279, "fields": {"type": 2, "eRef": 8278, "delta_j": 155, "date": "2017-08-16T00:00:00", "date_creation": "2017-04-13T10:07:58.299", "duree_j": 1, "nom": "fin ail rose flavor bio", "texte": "", "b_fini": false}}]}
[2017-04-13 10:17:17,769 MARAICH_INFO    ] serveRequest   .serveRequest: CDE...........sauve_evt
[2017-04-13 10:17:17,770 MARAICH_INFO    ] serveRequest   .serveRequest: <QueryDict: {'date': [''], 'nom': ['début récolte ail rose flavor bio'], 'delta_j': ['110'], 'id': ['8280'], 'duree_j': ['1'], 'id_serie': ['1'], 'cde': ['sauve_evt']}>
[2017-04-13 10:17:17,785 MARAICH_DEBUG   ] serveRequest   .serveRequest: deltaj=110
[2017-04-13 10:17:17,926 MARAICH_INFO    ] serveRequest   .serveRequest: Evt relatif Début Récolte (8280) 2017-07-02 00:00:00 pour 1 j
[2017-04-13 10:17:17,932 MARAICH_INFO    ] serveRequest   .serveRequest: CDE...........get_evts_serie
[2017-04-13 10:17:17,933 MARAICH_INFO    ] serveRequest   .serveRequest: <QueryDict: {'cde': ['get_evts_serie'], 'id': ['1']}>
[2017-04-13 10:17:17,942 MARAICH_INFO    ] serveRequest   .serveRequest: {"status":true, "l_evts": [{"model": "maraich.evenement", "pk": 8278, "fields": {"type": 1, "eRef": 0, "delta_j": 0, "date": "2017-03-14T00:00:00", "date_creation": "2017-04-13T10:07:57.977", "duree_j": 1, "nom": "d\u00e9but ail rose flavor bio", "texte": "", "b_fini": false}}, {"model": "maraich.evenement", "pk": 8280, "fields": {"type": 5, "eRef": 8278, "delta_j": 110, "date": "2017-07-02T00:00:00", "date_creation": "2017-04-13T10:07:58.558", "duree_j": 1, "nom": "d\u00e9but r\u00e9colte ail rose flavor bio", "texte": "", "b_fini": false}}, {"model": "maraich.evenement", "pk": 8279, "fields": {"type": 2, "eRef": 8278, "delta_j": 155, "date": "2017-08-16T00:00:00", "date_creation": "2017-04-13T10:07:58.299", "duree_j": 1, "nom": "fin ail rose flavor bio", "texte": "", "b_fini": false}}]}
